<?xml version="1.0" encoding="UTF-8"?>
<!-- Generated by org.testng.reporters.JUnitReportReporter -->
<testsuite skipped="0" hostname="DESKTOP-D1233BU" name="com.crm.orgTest.OrgTest" tests="2" failures="0" timestamp="2021-10-19T16:47:27 IST" time="0.000" errors="0">
  <testcase name="editOrgTest" time="0.000" classname="com.crm.orgTest.OrgTest"/>
  <system-out/>
  <testcase name="createOrgTest" time="0.000" classname="com.crm.orgTest.OrgTest"/>
  <system-out/>
</testsuite> <!-- com.crm.orgTest.OrgTest -->
