<?xml version="1.0" encoding="UTF-8"?>
<!-- Generated by org.testng.reporters.JUnitReportReporter -->
<testsuite skipped="0" hostname="DESKTOP-D1233BU" name="com.crm.contactTest.SampleTest" tests="1" failures="0" timestamp="2021-10-19T16:52:00 IST" time="0.015" errors="0">
  <testcase name="sampleTest" time="0.015" classname="com.crm.contactTest.SampleTest"/>
  <system-out/>
</testsuite> <!-- com.crm.contactTest.SampleTest -->
