<?xml version="1.0" encoding="UTF-8"?>
<!-- Generated by org.testng.reporters.JUnitReportReporter -->
<testsuite skipped="0" hostname="DESKTOP-D1233BU" name="com.crm.contactTest.ContactTest" tests="2" failures="0" timestamp="2021-10-19T06:59:34 IST" time="0.008" errors="0">
  <testcase name="createContactTest" time="0.008" classname="com.crm.contactTest.ContactTest"/>
  <system-out/>
  <testcase name="editContactTest" time="0.000" classname="com.crm.contactTest.ContactTest"/>
  <system-out/>
</testsuite> <!-- com.crm.contactTest.ContactTest -->
